<?xml version="1.0" encoding="UTF-8"?>
<!-- Generated by org.testng.reporters.JUnitReportReporter -->
<testsuite hostname="Girish" failures="0" tests="1" name="com.inetBanking.testCases.TC_NewCustomer_002" time="24.882" errors="0" timestamp="07 Dec 2022 16:16:35 GMT" skipped="0">
  <testcase classname="com.inetBanking.testCases.TC_NewCustomer_002" name="testNewCust" time="24.882"/>
</testsuite> <!-- com.inetBanking.testCases.TC_NewCustomer_002 -->
